<?xml version="1.0" encoding="UTF-8"?>
<testng-results ignored="0" total="5" passed="4" failed="1" skipped="0">
  <reporter-output>
  </reporter-output>
  <suite started-at="2025-09-18T10:40:00 IST" name="QA Suite" finished-at="2025-09-18T10:41:20 IST" duration-ms="79889">
    <groups>
    </groups>
    <test started-at="2025-09-18T10:40:00 IST" name="Regression Suite" finished-at="2025-09-18T10:41:20 IST" duration-ms="79889">
      <class name="tests.SampleTest">
        <test-method is-config="true" signature="setUp()[pri:0, instance:tests.SampleTest@be64738]" started-at="2025-09-18T10:40:36 IST" name="setUp" finished-at="2025-09-18T10:40:46 IST" duration-ms="9393" status="PASS">
          <reporter-output>
          </reporter-output>
        </test-method> <!-- setUp -->
        <test-method signature="failingTest()[pri:0, instance:tests.SampleTest@be64738]" started-at="2025-09-18T10:40:46 IST" name="failingTest" finished-at="2025-09-18T10:40:57 IST" duration-ms="11418" status="FAIL">
          <exception class="java.lang.AssertionError">
            <message>
              <![CDATA[Title should contain 'Yahoo' expected [true] but found [false]]]>
            </message>
            <full-stacktrace>
              <![CDATA[java.lang.AssertionError: Title should contain 'Yahoo' expected [true] but found [false]
at org.testng.Assert.fail(Assert.java:111)
at org.testng.Assert.failNotEquals(Assert.java:1578)
at org.testng.Assert.assertTrue(Assert.java:57)
at tests.SampleTest.failingTest(SampleTest.java:36)
at java.base/jdk.internal.reflect.DirectMethodHandleAccessor.invoke(DirectMethodHandleAccessor.java:104)
at java.base/java.lang.reflect.Method.invoke(Method.java:565)
at org.testng.internal.invokers.MethodInvocationHelper.invokeMethod(MethodInvocationHelper.java:141)
at org.testng.internal.invokers.TestInvoker.invokeMethod(TestInvoker.java:686)
at org.testng.internal.invokers.TestInvoker.invokeTestMethod(TestInvoker.java:230)
at org.testng.internal.invokers.MethodRunner.runInSequence(MethodRunner.java:63)
at org.testng.internal.invokers.TestInvoker$MethodInvocationAgent.invoke(TestInvoker.java:992)
at org.testng.internal.invokers.TestInvoker.invokeTestMethods(TestInvoker.java:203)
at org.testng.internal.invokers.TestMethodWorker.invokeTestMethods(TestMethodWorker.java:154)
at org.testng.internal.invokers.TestMethodWorker.run(TestMethodWorker.java:134)
at java.base/java.util.ArrayList.forEach(ArrayList.java:1604)
at org.testng.TestRunner.privateRun(TestRunner.java:739)
at org.testng.TestRunner.run(TestRunner.java:614)
at org.testng.SuiteRunner.runTest(SuiteRunner.java:421)
at org.testng.SuiteRunner.runSequentially(SuiteRunner.java:413)
at org.testng.SuiteRunner.privateRun(SuiteRunner.java:373)
at org.testng.SuiteRunner.run(SuiteRunner.java:312)
at org.testng.SuiteRunnerWorker.runSuite(SuiteRunnerWorker.java:52)
at org.testng.SuiteRunnerWorker.run(SuiteRunnerWorker.java:95)
at org.testng.TestNG.runSuitesSequentially(TestNG.java:1274)
at org.testng.TestNG.runSuitesLocally(TestNG.java:1208)
at org.testng.TestNG.runSuites(TestNG.java:1112)
at org.testng.TestNG.run(TestNG.java:1079)
at org.apache.maven.surefire.testng.TestNGExecutor.run(TestNGExecutor.java:308)
at org.apache.maven.surefire.testng.TestNGXmlTestSuite.execute(TestNGXmlTestSuite.java:71)
at org.apache.maven.surefire.testng.TestNGProvider.invoke(TestNGProvider.java:113)
at org.apache.maven.surefire.booter.ForkedBooter.runSuitesInProcess(ForkedBooter.java:385)
at org.apache.maven.surefire.booter.ForkedBooter.execute(ForkedBooter.java:162)
at org.apache.maven.surefire.booter.ForkedBooter.run(ForkedBooter.java:507)
at org.apache.maven.surefire.booter.ForkedBooter.main(ForkedBooter.java:495)
]]>
            </full-stacktrace>
          </exception> <!-- java.lang.AssertionError -->
          <reporter-output>
          </reporter-output>
        </test-method> <!-- failingTest -->
        <test-method is-config="true" signature="tearDown()[pri:0, instance:tests.SampleTest@be64738]" started-at="2025-09-18T10:40:57 IST" name="tearDown" finished-at="2025-09-18T10:40:58 IST" duration-ms="91" status="PASS">
          <reporter-output>
          </reporter-output>
        </test-method> <!-- tearDown -->
        <test-method is-config="true" signature="setUp()[pri:0, instance:tests.SampleTest@be64738]" started-at="2025-09-18T10:40:58 IST" name="setUp" finished-at="2025-09-18T10:41:04 IST" duration-ms="6209" status="PASS">
          <reporter-output>
          </reporter-output>
        </test-method> <!-- setUp -->
        <test-method signature="loginToOrangeHRM()[pri:0, instance:tests.SampleTest@be64738]" started-at="2025-09-18T10:41:04 IST" name="loginToOrangeHRM" finished-at="2025-09-18T10:41:07 IST" duration-ms="3635" status="PASS">
          <reporter-output>
          </reporter-output>
        </test-method> <!-- loginToOrangeHRM -->
        <test-method is-config="true" signature="tearDown()[pri:0, instance:tests.SampleTest@be64738]" started-at="2025-09-18T10:41:07 IST" name="tearDown" finished-at="2025-09-18T10:41:07 IST" duration-ms="85" status="PASS">
          <reporter-output>
          </reporter-output>
        </test-method> <!-- tearDown -->
        <test-method is-config="true" signature="setUp()[pri:0, instance:tests.SampleTest@be64738]" started-at="2025-09-18T10:41:07 IST" name="setUp" finished-at="2025-09-18T10:41:18 IST" duration-ms="10839" status="PASS">
          <reporter-output>
          </reporter-output>
        </test-method> <!-- setUp -->
        <test-method signature="openExampleDotCom()[pri:0, instance:tests.SampleTest@be64738]" started-at="2025-09-18T10:41:18 IST" name="openExampleDotCom" finished-at="2025-09-18T10:41:20 IST" duration-ms="1795" status="PASS">
          <reporter-output>
          </reporter-output>
        </test-method> <!-- openExampleDotCom -->
        <test-method is-config="true" signature="tearDown()[pri:0, instance:tests.SampleTest@be64738]" started-at="2025-09-18T10:41:20 IST" name="tearDown" finished-at="2025-09-18T10:41:20 IST" duration-ms="83" status="PASS">
          <reporter-output>
          </reporter-output>
        </test-method> <!-- tearDown -->
      </class> <!-- tests.SampleTest -->
      <class name="tests.LoginTest">
        <test-method is-config="true" signature="setUp()[pri:0, instance:tests.LoginTest@7adda9cc]" started-at="2025-09-18T10:40:00 IST" name="setUp" finished-at="2025-09-18T10:40:17 IST" duration-ms="17107" status="PASS">
          <reporter-output>
          </reporter-output>
        </test-method> <!-- setUp -->
        <test-method signature="loginTest(java.lang.String,java.lang.String)[pri:0, instance:tests.LoginTest@7adda9cc]" started-at="2025-09-18T10:40:17 IST" name="loginTest" data-provider="users" finished-at="2025-09-18T10:40:22 IST" duration-ms="4637" status="PASS">
          <params>
            <param index="0">
              <value>
                <![CDATA[Admin]]>
              </value>
            </param>
            <param index="1">
              <value>
                <![CDATA[admin123]]>
              </value>
            </param>
          </params>
          <reporter-output>
          </reporter-output>
        </test-method> <!-- loginTest -->
        <test-method is-config="true" signature="tearDown()[pri:0, instance:tests.LoginTest@7adda9cc]" started-at="2025-09-18T10:40:22 IST" name="tearDown" finished-at="2025-09-18T10:40:22 IST" duration-ms="85" status="PASS">
          <reporter-output>
          </reporter-output>
        </test-method> <!-- tearDown -->
        <test-method is-config="true" signature="setUp()[pri:0, instance:tests.LoginTest@7adda9cc]" started-at="2025-09-18T10:40:22 IST" name="setUp" finished-at="2025-09-18T10:40:33 IST" duration-ms="11084" status="PASS">
          <reporter-output>
          </reporter-output>
        </test-method> <!-- setUp -->
        <test-method signature="loginTest(java.lang.String,java.lang.String)[pri:0, instance:tests.LoginTest@7adda9cc]" started-at="2025-09-18T10:40:33 IST" name="loginTest" data-provider="users" finished-at="2025-09-18T10:40:36 IST" duration-ms="3012" status="PASS">
          <params>
            <param index="0">
              <value>
                <![CDATA[wrongUser]]>
              </value>
            </param>
            <param index="1">
              <value>
                <![CDATA[admin123]]>
              </value>
            </param>
          </params>
          <reporter-output>
          </reporter-output>
        </test-method> <!-- loginTest -->
        <test-method is-config="true" signature="tearDown()[pri:0, instance:tests.LoginTest@7adda9cc]" started-at="2025-09-18T10:40:36 IST" name="tearDown" finished-at="2025-09-18T10:40:36 IST" duration-ms="84" status="PASS">
          <reporter-output>
          </reporter-output>
        </test-method> <!-- tearDown -->
      </class> <!-- tests.LoginTest -->
    </test> <!-- Regression Suite -->
  </suite> <!-- QA Suite -->
</testng-results>
