<?xml version="1.0" encoding="UTF-8"?>
<!-- Generated by org.testng.reporters.JUnitXMLReporter -->
<testsuite ignored="0" hostname="Shwetas-MacBook-Air.local" failures="1" tests="5" name="Regression Suite" time="79.889" errors="0" timestamp="2025-09-18T10:41:20 IST">
  <testcase classname="tests.LoginTest" name="loginTest" time="4.637"/>
  <testcase classname="tests.LoginTest" name="loginTest" time="3.012"/>
  <testcase classname="tests.SampleTest" name="failingTest" time="11.418">
    <failure type="java.lang.AssertionError" message="Title should contain &amp;apos;Yahoo&amp;apos; expected [true] but found [false]">
      <![CDATA[java.lang.AssertionError: Title should contain 'Yahoo' expected [true] but found [false]
at tests.SampleTest.failingTest(SampleTest.java:36)
at java.base/java.util.ArrayList.forEach(ArrayList.java:1604)
... Removed 32 stack frames]]>
    </failure>
  </testcase> <!-- failingTest -->
  <testcase classname="tests.SampleTest" name="loginToOrangeHRM" time="3.635"/>
  <testcase classname="tests.SampleTest" name="openExampleDotCom" time="1.795"/>
</testsuite> <!-- Regression Suite -->
