<?xml version="1.0" encoding="UTF-8"?>
<!-- Generated by org.testng.reporters.JUnitXMLReporter -->
<testsuite ignored="0" hostname="Shwetas-MacBook-Air.local" failures="1" tests="3" name="Sample Tests" time="18.464" errors="0" timestamp="2025-09-05T10:57:53 IST">
  <testcase classname="tests.SampleTest" name="failingTest" time="5.368">
    <failure type="java.lang.AssertionError" message="Title should contain &amp;apos;Yahoo&amp;apos; expected [true] but found [false]">
      <![CDATA[java.lang.AssertionError: Title should contain 'Yahoo' expected [true] but found [false]
at tests.SampleTest.failingTest(SampleTest.java:43)
at java.base/java.util.ArrayList.forEach(ArrayList.java:1604)
... Removed 32 stack frames]]>
    </failure>
  </testcase> <!-- failingTest -->
  <testcase classname="tests.SampleTest" name="loginToOrangeHRM" time="10.772"/>
  <testcase classname="tests.SampleTest" name="openExampleDotCom" time="0.91"/>
</testsuite> <!-- Sample Tests -->
