<?xml version="1.0" encoding="UTF-8"?>
<!-- Generated by org.testng.reporters.JUnitXMLReporter -->
<testsuite ignored="0" hostname="Shwetas-MacBook-Air.local" failures="1" tests="2" name="Sample Tests" time="4.918" errors="0" timestamp="2025-09-04T12:26:07 IST">
  <testcase classname="tests.SampleTest" name="failingTest" time="2.549">
    <failure type="java.lang.AssertionError" message="Title should contain &amp;apos;Yahoo&amp;apos; expected [true] but found [false]">
      <![CDATA[java.lang.AssertionError: Title should contain 'Yahoo' expected [true] but found [false]
at tests.SampleTest.failingTest(SampleTest.java:21)
at java.base/java.util.ArrayList.forEach(ArrayList.java:1604)
... Removed 32 stack frames]]>
    </failure>
  </testcase> <!-- failingTest -->
  <testcase classname="tests.SampleTest" name="openGoogle" time="0.811"/>
</testsuite> <!-- Sample Tests -->
